<?xml version="1.0" encoding="UTF-8"?>
<!-- Generated by org.testng.reporters.JUnitReportReporter -->
<testsuite hostname="Zainaya" failures="0" tests="3" name="testCases.TC03_AddToCart" time="8.197" errors="0" timestamp="2025-02-17T14:29:57 PST" skipped="0">
  <testcase classname="testCases.TC03_AddToCart" name="testAddToCart" time="3.406"/>
  <testcase classname="testCases.TC03_AddToCart" name="testAddToCart" time="2.338"/>
  <testcase classname="testCases.TC03_AddToCart" name="testAddToCart" time="2.453"/>
</testsuite> <!-- testCases.TC03_AddToCart -->
