<?xml version="1.0" encoding="UTF-8"?>
<!-- Generated by org.testng.reporters.JUnitReportReporter -->
<testsuite hostname="Zainaya" failures="0" tests="3" name="testCases.TC04_CompletePurchase" time="214.866" errors="0" timestamp="2025-02-17T14:29:57 PST" skipped="0">
  <testcase classname="testCases.TC04_CompletePurchase" name="testCompletePurchase" time="72.130"/>
  <testcase classname="testCases.TC04_CompletePurchase" name="testCompletePurchase" time="71.920"/>
  <testcase classname="testCases.TC04_CompletePurchase" name="testCompletePurchase" time="70.816"/>
</testsuite> <!-- testCases.TC04_CompletePurchase -->
