<?xml version="1.0" encoding="UTF-8"?>
<!-- Generated by org.testng.reporters.JUnitReportReporter -->
<testsuite hostname="Zainaya" failures="0" tests="15" name="testCases.TC02_Login" time="54.548" errors="0" timestamp="2025-02-17T14:29:57 PST" skipped="0">
  <testcase classname="testCases.TC02_Login" name="testLogin" time="4.213"/>
  <testcase classname="testCases.TC02_Login" name="testLogin" time="2.966"/>
  <testcase classname="testCases.TC02_Login" name="testLogin" time="4.487"/>
  <testcase classname="testCases.TC02_Login" name="testLogin" time="3.013"/>
  <testcase classname="testCases.TC02_Login" name="testLogin" time="2.720"/>
  <testcase classname="testCases.TC02_Login" name="testLogin" time="4.114"/>
  <testcase classname="testCases.TC02_Login" name="testLogin" time="3.201"/>
  <testcase classname="testCases.TC02_Login" name="testLogin" time="4.550"/>
  <testcase classname="testCases.TC02_Login" name="testLogin" time="3.077"/>
  <testcase classname="testCases.TC02_Login" name="testLogin" time="4.372"/>
  <testcase classname="testCases.TC02_Login" name="testLogin" time="3.818"/>
  <testcase classname="testCases.TC02_Login" name="testLogin" time="3.203"/>
  <testcase classname="testCases.TC02_Login" name="testLogin" time="3.381"/>
  <testcase classname="testCases.TC02_Login" name="testLogin" time="4.115"/>
  <testcase classname="testCases.TC02_Login" name="testLogin" time="3.318"/>
</testsuite> <!-- testCases.TC02_Login -->
