<?xml version="1.0" encoding="UTF-8"?>
<!-- Generated by org.testng.reporters.JUnitReportReporter -->
<testsuite hostname="Zainaya" failures="0" tests="3" name="testCases.TC03_AddToCart" time="21.010" errors="0" timestamp="2025-02-17T18:01:25 PST" skipped="0">
  <testcase classname="testCases.TC03_AddToCart" name="testAddToCart" time="8.677"/>
  <testcase classname="testCases.TC03_AddToCart" name="testAddToCart" time="3.784"/>
  <testcase classname="testCases.TC03_AddToCart" name="testAddToCart" time="8.549"/>
</testsuite> <!-- testCases.TC03_AddToCart -->
