<?xml version="1.0" encoding="UTF-8"?>
<!-- Generated by org.testng.reporters.JUnitReportReporter -->
<testsuite hostname="Zainaya" failures="0" tests="3" name="testCases.TC05_AddAnItemToWishList" time="16.256" errors="0" timestamp="2025-02-17T18:01:25 PST" skipped="0">
  <testcase classname="testCases.TC05_AddAnItemToWishList" name="testAddToWishList" time="5.697"/>
  <testcase classname="testCases.TC05_AddAnItemToWishList" name="testAddToWishList" time="5.140"/>
  <testcase classname="testCases.TC05_AddAnItemToWishList" name="testAddToWishList" time="5.419"/>
</testsuite> <!-- testCases.TC05_AddAnItemToWishList -->
