<?xml version="1.0" encoding="UTF-8"?>
<!-- Generated by org.testng.reporters.JUnitReportReporter -->
<testsuite hostname="Zainaya" failures="0" tests="3" name="testCases.TC06_PurchaseAGiftCertificate" time="15.888" errors="0" timestamp="2025-02-17T18:01:25 PST" skipped="0">
  <testcase classname="testCases.TC06_PurchaseAGiftCertificate" name="testPurchaseAGiftCertificate" time="7.350"/>
  <testcase classname="testCases.TC06_PurchaseAGiftCertificate" name="testPurchaseAGiftCertificate" time="5.027"/>
  <testcase classname="testCases.TC06_PurchaseAGiftCertificate" name="testPurchaseAGiftCertificate" time="3.511"/>
</testsuite> <!-- testCases.TC06_PurchaseAGiftCertificate -->
