<?xml version="1.0" encoding="UTF-8"?>
<!-- Generated by org.testng.reporters.JUnitReportReporter -->
<testsuite hostname="Zainaya" failures="0" tests="15" name="testCases.TC02_Login" time="79.373" errors="0" timestamp="2025-02-17T18:01:25 PST" skipped="0">
  <testcase classname="testCases.TC02_Login" name="testLogin" time="4.867"/>
  <testcase classname="testCases.TC02_Login" name="testLogin" time="7.144"/>
  <testcase classname="testCases.TC02_Login" name="testLogin" time="4.490"/>
  <testcase classname="testCases.TC02_Login" name="testLogin" time="4.167"/>
  <testcase classname="testCases.TC02_Login" name="testLogin" time="6.308"/>
  <testcase classname="testCases.TC02_Login" name="testLogin" time="5.436"/>
  <testcase classname="testCases.TC02_Login" name="testLogin" time="4.731"/>
  <testcase classname="testCases.TC02_Login" name="testLogin" time="4.765"/>
  <testcase classname="testCases.TC02_Login" name="testLogin" time="6.205"/>
  <testcase classname="testCases.TC02_Login" name="testLogin" time="5.193"/>
  <testcase classname="testCases.TC02_Login" name="testLogin" time="6.166"/>
  <testcase classname="testCases.TC02_Login" name="testLogin" time="5.164"/>
  <testcase classname="testCases.TC02_Login" name="testLogin" time="5.089"/>
  <testcase classname="testCases.TC02_Login" name="testLogin" time="4.748"/>
  <testcase classname="testCases.TC02_Login" name="testLogin" time="4.900"/>
</testsuite> <!-- testCases.TC02_Login -->
