<?xml version="1.0" encoding="UTF-8"?>
<!-- Generated by org.testng.reporters.JUnitReportReporter -->
<testsuite hostname="Zainaya" failures="0" tests="3" name="testCases.TC01_LaunchApplication" time="0.509" errors="0" timestamp="2025-02-17T18:01:25 PST" skipped="0">
  <testcase classname="testCases.TC01_LaunchApplication" name="testLaunchApplication" time="0.092"/>
  <testcase classname="testCases.TC01_LaunchApplication" name="testLaunchApplication" time="0.129"/>
  <testcase classname="testCases.TC01_LaunchApplication" name="testLaunchApplication" time="0.288"/>
</testsuite> <!-- testCases.TC01_LaunchApplication -->
